

2024-09-28T07:10:07.477Z [INFO]: 401k管理アプリ情報登録完了
2024-09-28T07:10:07.617Z [INFO]: 401k連絡キャッチャー転記完了
2024-09-28T07:10:08.789Z [INFO]: 会社名:株式会社レンシュウ; 加入者メイ(半角):ｻｻｲ ﾃｽﾄ; 基礎年金番号:1234567890; 従業員管理アプリに見つかりませんでした。
2024-09-28T07:10:12.286Z [INFO]: 従業員管理アプリに登録:3744
2024-09-28T07:14:35.333Z [INFO]: 401k管理アプリ情報登録完了
2024-09-28T07:14:35.476Z [INFO]: 401k連絡キャッチャー転記完了
2024-09-28T07:14:36.607Z [INFO]: 会社名:株式会社レンシュウ; 加入者メイ(半角):ｻｻｲ ﾃｽﾄ; 基礎年金番号:1234567890; 従業員管理アプリに見つかりませんでした。
2024-09-28T07:14:40.368Z [INFO]: 従業員管理アプリに登録:3744
2024-09-28T07:15:40.048Z [INFO]: 401k管理アプリ情報登録完了
2024-09-28T07:15:40.172Z [INFO]: 401k連絡キャッチャー転記完了
2024-09-28T07:15:41.288Z [INFO]: 会社名:株式会社レンシュウ; 加入者メイ(半角):ｻｻｲ ﾃｽﾄ; 基礎年金番号:1234567890; 従業員管理アプリに見つかりませんでした。
2024-09-28T07:15:45.195Z [INFO]: 従業員管理アプリに登録:3744
2024-09-28T07:16:14.924Z [INFO]: 401k管理アプリ情報登録完了
2024-09-28T07:16:15.063Z [INFO]: 401k連絡キャッチャー転記完了
2024-09-28T07:18:25.556Z [INFO]: 401k管理アプリ情報登録完了
2024-09-28T07:18:25.702Z [INFO]: 401k連絡キャッチャー転記完了
2024-09-28T07:19:03.164Z [INFO]: 401k管理アプリ情報登録完了
2024-09-28T07:19:03.316Z [INFO]: 401k連絡キャッチャー転記完了
2024-09-28T07:19:04.606Z [INFO]: 会社名:株式会社レンシュウ; 基礎年金番号:5678901234; 転記完了しました
2024-09-28T07:19:05.266Z [INFO]: 会社名:株式会社レンシュウ; 基礎年金番号:6789012345; 転記完了しました
2024-09-28T07:19:05.937Z [INFO]: 会社名:株式会社レンシュウ; 基礎年金番号:7890123456; 転記完了しました
2024-09-28T07:19:06.615Z [INFO]: 会社名:株式会社レンシュウ; 基礎年金番号:8901234567; 転記完了しました
2024-09-28T07:19:06.616Z [INFO]: 会社名:株式会社レンシュウ; 加入者メイ(半角):ｻｻｲ ﾃｽﾄ; 基礎年金番号:1234567890; 従業員管理アプリに見つかりませんでした。
2024-09-28T07:19:07.684Z [INFO]: 会社名:株式会社レンシュウ; 基礎年金番号:3333565656; 転記完了しました
2024-09-28T07:19:07.684Z [INFO]: 従業員管理アプリに登録:3744
2024-09-28T07:24:16.959Z [INFO]: 401k管理アプリ情報登録完了
2024-09-28T07:24:17.093Z [INFO]: 401k連絡キャッチャー転記完了
2024-09-28T07:24:18.237Z [INFO]: 会社名:株式会社レンシュウ; 基礎年金番号:4567890123; 転記完了しました
2024-09-28T07:24:18.764Z [INFO]: 会社名:株式会社レンシュウ; 加入者メイ(半角):ｻｻｲ ﾃｽﾄ; 基礎年金番号:1234567890; 従業員管理アプリに見つかりませんでした。
2024-09-28T07:24:19.281Z [INFO]: 従業員管理アプリに登録:3744
2024-09-28T07:40:44.763Z [INFO]: 401k管理アプリ情報登録完了
2024-09-28T07:40:44.898Z [INFO]: 401k連絡キャッチャー転記完了
2024-09-28T07:40:46.013Z [INFO]: 会社名:株式会社レンシュウ; 加入者メイ(半角):ｻｻｲ ﾃｽﾄ; 基礎年金番号:1234567890; 従業員管理アプリに見つかりませんでした。
2024-09-28T07:40:46.530Z [INFO]: 従業員管理アプリに登録:3744
2024-09-28T10:21:45.493Z [INFO]: 401k管理アプリ情報登録完了
2024-09-28T10:21:46.501Z [INFO]: 401k連絡キャッチャー転記完了
2024-09-28T10:21:47.759Z [INFO]: 会社名:株式会社レンシュウ; 加入者メイ(半角):ｻｻｲ ﾃｽﾄ; 基礎年金番号:1234567890; 従業員管理アプリに見つかりませんでした。
2024-09-28T10:21:48.922Z [INFO]: 会社名:株式会社レンシュウ; 基礎年金番号:4444585858; 転記完了しました
2024-09-28T10:21:48.922Z [INFO]: 従業員管理アプリに登録:3744
2024-09-30T11:18:00.144Z [INFO]: 401k管理アプリ情報登録完了
2024-09-30T11:18:00.293Z [INFO]: 401k連絡キャッチャー転記完了
2024-09-30T11:18:01.384Z [INFO]: 会社名:株式会社レンシュウ; 基礎年金番号:3456789012; 転記完了しました
2024-09-30T11:18:02.036Z [INFO]: 会社名:株式会社レンシュウ; 基礎年金番号:4567890123; 転記完了しました
2024-09-30T11:18:02.903Z [INFO]: 会社名:株式会社レンシュウ; 基礎年金番号:5678901234; 転記完了しました
2024-09-30T11:18:03.560Z [INFO]: 会社名:株式会社レンシュウ; 基礎年金番号:6789012345; 転記完了しました
2024-09-30T11:18:04.217Z [INFO]: 会社名:株式会社レンシュウ; 基礎年金番号:7890123456; 転記完了しました
2024-09-30T11:18:04.864Z [INFO]: 会社名:株式会社レンシュウ; 基礎年金番号:8901234567; 転記完了しました
2024-09-30T11:18:04.865Z [INFO]: 会社名:株式会社レンシュウ; 加入者メイ(半角):ｻｻｲ ﾃｽﾄ; 基礎年金番号:1234567890; 従業員管理アプリに見つかりませんでした。
2024-09-30T11:18:06.126Z [INFO]: 会社名:株式会社レンシュウ; 基礎年金番号:3333565656; 転記完了しました
2024-09-30T11:18:06.805Z [INFO]: 会社名:株式会社レンシュウ; 基礎年金番号:4444585858; 転記完了しました
2024-09-30T11:18:06.805Z [INFO]: 従業員管理アプリに登録:3744
2024-09-30T11:27:05.447Z [INFO]: 401k管理アプリ情報登録完了
2024-09-30T11:27:05.580Z [INFO]: 401k連絡キャッチャー転記完了
2024-09-30T11:27:06.764Z [INFO]: 会社名:株式会社レンシュウ; 加入者メイ(半角):ｻｻｲ ﾃｽﾄ; 基礎年金番号:1234567890; 従業員管理アプリに見つかりませんでした。
2024-09-30T11:27:07.436Z [INFO]: 従業員管理アプリに登録:3744
